----------------------------------------------
10:44:26 del giorno 06/21/2024, Tifa, Windows, pipeline.py, Programma iniziato alle ore 10:44:26 del giorno 06/21/2024
----------------------------------------------
10:45:03 del giorno 06/21/2024, Tifa, Windows, pipeline.py, Programma iniziato alle ore 10:45:03 del giorno 06/21/2024
10:45:23 del giorno 06/21/2024, Tifa, Windows, pipeline.py, Programma terminato alle ore 10:45:23 del giorno 06/21/2024
----------------------------------------------
10:47:31 del giorno 06/21/2024, Tifa, Windows, pipeline.py, Programma iniziato alle ore 10:47:31 del giorno 06/21/2024
10:47:52 del giorno 06/21/2024, Tifa, Windows, pipeline.py, Programma terminato alle ore 10:47:52 del giorno 06/21/2024
----------------------------------------------
10:48:31 del giorno 06/21/2024, Tifa, Windows, pipeline.py, Programma iniziato alle ore 10:48:31 del giorno 06/21/2024
10:48:49 del giorno 06/21/2024, Tifa, Windows, pipeline.py, Programma terminato alle ore 10:48:49 del giorno 06/21/2024
----------------------------------------------
10:50:24 del giorno 06/21/2024, Tifa, Windows, pipeline.py, Programma iniziato alle ore 10:50:24 del giorno 06/21/2024
----------------------------------------------
10:50:56 del giorno 06/21/2024, Tifa, Windows, pipeline.py, Programma iniziato alle ore 10:50:56 del giorno 06/21/2024
10:51:14 del giorno 06/21/2024, Tifa, Windows, pipeline.py, Programma terminato alle ore 10:51:14 del giorno 06/21/2024
----------------------------------------------
10:52:04 del giorno 06/21/2024, Tifa, Windows, pipeline.py, Programma iniziato alle ore 10:52:04 del giorno 06/21/2024
10:52:22 del giorno 06/21/2024, Tifa, Windows, pipeline.py, Programma terminato alle ore 10:52:22 del giorno 06/21/2024
----------------------------------------------
10:53:20 del giorno 06/21/2024, Tifa, Windows, pipeline.py, Programma iniziato alle ore 10:53:20 del giorno 06/21/2024
10:53:21 del giorno 06/21/2024, Tifa, Windows, pipeline.py, Programma terminato alle ore 10:53:21 del giorno 06/21/2024
----------------------------------------------
10:54:11 del giorno 06/21/2024, Tifa, Windows, pipeline.py, Programma iniziato alle ore 10:54:11 del giorno 06/21/2024
----------------------------------------------
10:55:18 del giorno 06/21/2024, Tifa, Windows, pipeline.py, Programma iniziato alle ore 10:55:18 del giorno 06/21/2024
----------------------------------------------
10:55:48 del giorno 06/21/2024, Tifa, Windows, pipeline.py, Programma iniziato alle ore 10:55:48 del giorno 06/21/2024
----------------------------------------------
10:56:16 del giorno 06/21/2024, Tifa, Windows, pipeline.py, Programma iniziato alle ore 10:56:16 del giorno 06/21/2024
10:56:17 del giorno 06/21/2024, Tifa, Windows, pipeline.py, Programma terminato alle ore 10:56:17 del giorno 06/21/2024
----------------------------------------------
11:30:27 del giorno 06/21/2024, Tifa, Windows, pipeline.py, Programma iniziato alle ore 11:30:27 del giorno 06/21/2024
----------------------------------------------
11:35:07 del giorno 06/21/2024, Tifa, Windows, pipeline.py, Programma iniziato alle ore 11:35:07 del giorno 06/21/2024
----------------------------------------------
11:37:18 del giorno 06/21/2024, Tifa, Windows, pipeline.py, Programma iniziato alle ore 11:37:18 del giorno 06/21/2024
----------------------------------------------
11:40:20 del giorno 06/21/2024, Tifa, Windows, pipeline.py, Programma iniziato alle ore 11:40:20 del giorno 06/21/2024
----------------------------------------------
11:41:31 del giorno 06/21/2024, Tifa, Windows, pipeline.py, Programma iniziato alle ore 11:41:31 del giorno 06/21/2024
----------------------------------------------
11:41:48 del giorno 06/21/2024, Tifa, Windows, pipeline.py, Programma iniziato alle ore 11:41:48 del giorno 06/21/2024
----------------------------------------------
09:44:27 del giorno 06/24/2024, Tifa, Windows, pipeline.py, Programma iniziato alle ore 09:44:27 del giorno 06/24/2024
----------------------------------------------
09:45:08 del giorno 06/24/2024, Tifa, Windows, pipeline.py, Programma iniziato alle ore 09:45:08 del giorno 06/24/2024
File: pipeline.py, Error: , Time: 09:45:10 del giorno 06/24/2024
File: pipeline.py, Error: Exception during class processing: name 'logger' is not defined, Time: 09:45:15 del giorno 06/24/2024
File: pipeline.py, Error: Exception during class processing: name 'logger' is not defined, Time: 09:45:15 del giorno 06/24/2024
File: pipeline.py, Error: Exception during class processing: name 'logger' is not defined, Time: 09:45:15 del giorno 06/24/2024
File: pipeline.py, Error: Exception during class processing: name 'logger' is not defined, Time: 09:45:15 del giorno 06/24/2024
File: pipeline.py, Error: Exception during class processing: name 'logger' is not defined, Time: 09:45:15 del giorno 06/24/2024
File: pipeline.py, Error: Exception during class processing: name 'logger' is not defined, Time: 09:45:15 del giorno 06/24/2024
09:45:16 del giorno 06/24/2024, Tifa, Windows, pipeline.py, Programma terminato alle ore 09:45:16 del giorno 06/24/2024
----------------------------------------------
09:46:17 del giorno 06/24/2024, Tifa, Windows, pipeline.py, Programma iniziato alle ore 09:46:17 del giorno 06/24/2024
File: pipeline.py, Error: , Time: 09:46:17 del giorno 06/24/2024
----------------------------------------------
09:46:53 del giorno 06/24/2024, Tifa, Windows, pipeline.py, Programma iniziato alle ore 09:46:53 del giorno 06/24/2024
----------------------------------------------
09:47:07 del giorno 06/24/2024, Tifa, Windows, pipeline.py, Programma iniziato alle ore 09:47:07 del giorno 06/24/2024
----------------------------------------------
09:48:12 del giorno 06/24/2024, Tifa, Windows, pipeline.py, Programma iniziato alle ore 09:48:12 del giorno 06/24/2024
